app/build/outputs/logs/manifest-merger-debug-report.txt
-- Merging decision tree log ---
manifest
ADDED from src/main/AndroidManifest.xml:2:1-45:12
	package
		ADDED from src/main/AndroidManifest.xml:3:5-28
		INJECTED from src/main/AndroidManifest.xml
		INJECTED from src/main/AndroidManifest.xml
	android:versionName
		ADDED from src/main/AndroidManifest.xml:5:5-30
		INJECTED from src/main/AndroidManifest.xml
		INJECTED from src/main/AndroidManifest.xml
	android:versionCode
		ADDED from src/main/AndroidManifest.xml:4:5-28
		INJECTED from src/main/AndroidManifest.xml
		INJECTED from src/main/AndroidManifest.xml
	xmlns:android
		ADDED from src/main/AndroidManifest.xml:2:11-69
supports-screens
ADDED from src/main/AndroidManifest.xml:7:5-12:38
	android:largeScreens
		ADDED from src/main/AndroidManifest.xml:9:9-36
	android:smallScreens
		ADDED from src/main/AndroidManifest.xml:11:9-36
	android:normalScreens
		ADDED from src/main/AndroidManifest.xml:10:9-37
	android:xlargeScreens
		ADDED from src/main/AndroidManifest.xml:8:9-37
	android:anyDensity
		ADDED from src/main/AndroidManifest.xml:12:9-35
application
ADDED from src/main/AndroidManifest.xml:14:5-36:19
MERGED from [com.google.android.gms:play-services:4.4.52] AndroidManifest.xml:18:5-19
	android:label
		ADDED from src/main/AndroidManifest.xml:16:9-41
	android:icon
		ADDED from src/main/AndroidManifest.xml:15:9-38
activity#bb.minionbird.MainActivity
ADDED from src/main/AndroidManifest.xml:18:9-28:20
	android:screenOrientation
		ADDED from src/main/AndroidManifest.xml:21:4-41
	android:label
		ADDED from src/main/AndroidManifest.xml:20:13-45
	android:configChanges
		ADDED from src/main/AndroidManifest.xml:23:4-39
	android:theme
		ADDED from src/main/AndroidManifest.xml:22:4-62
	android:name
		ADDED from src/main/AndroidManifest.xml:19:13-54
intent-filter#android.intent.action.MAIN+android.intent.category.LAUNCHER
ADDED from src/main/AndroidManifest.xml:24:13-27:29
action#android.intent.action.MAIN
ADDED from src/main/AndroidManifest.xml:25:17-69
	android:name
		ADDED from src/main/AndroidManifest.xml:25:25-66
category#android.intent.category.LAUNCHER
ADDED from src/main/AndroidManifest.xml:26:17-77
	android:name
		ADDED from src/main/AndroidManifest.xml:26:27-74
meta-data#com.google.android.gms.version
ADDED from src/main/AndroidManifest.xml:31:9-32:71
	android:value
		ADDED from src/main/AndroidManifest.xml:32:16-69
	android:name
		ADDED from src/main/AndroidManifest.xml:31:20-65
activity#com.google.android.gms.ads.AdActivity
ADDED from src/main/AndroidManifest.xml:34:9-35:125
	android:configChanges
		ADDED from src/main/AndroidManifest.xml:35:14-123
	android:name
		ADDED from src/main/AndroidManifest.xml:34:19-71
uses-permission#android.permission.INTERNET
ADDED from src/main/AndroidManifest.xml:38:5-66
	android:name
		ADDED from src/main/AndroidManifest.xml:38:22-64
uses-permission#android.permission.READ_PHONE_STATE
ADDED from src/main/AndroidManifest.xml:39:5-75
	android:name
		ADDED from src/main/AndroidManifest.xml:39:22-72
uses-permission#android.permission.RESTART_PACKAGES
ADDED from src/main/AndroidManifest.xml:40:2-71
	android:name
		ADDED from src/main/AndroidManifest.xml:40:19-69
uses-permission#android.permission.ACCESS_NETWORK_STATE
ADDED from src/main/AndroidManifest.xml:41:2-76
	android:name
		ADDED from src/main/AndroidManifest.xml:41:19-73
uses-permission#android.permission.WRITE_EXTERNAL_STORAGE
ADDED from src/main/AndroidManifest.xml:42:2-78
	android:name
		ADDED from src/main/AndroidManifest.xml:42:19-75
uses-permission#android.permission.GET_ACCOUNTS
ADDED from src/main/AndroidManifest.xml:43:2-68
	android:name
		ADDED from src/main/AndroidManifest.xml:43:19-65
uses-sdk
INJECTED from src/main/AndroidManifest.xml reason: use-sdk injection requested
MERGED from [com.google.android.gms:play-services:4.4.52] AndroidManifest.xml:17:5-42
	android:minSdkVersion
		INJECTED from src/main/AndroidManifest.xml
		INJECTED from src/main/AndroidManifest.xml